2020-03-18T02:24:34.5106207+11:00  [INF] Running development environment (cf1094ad)
2020-03-18T02:24:34.8361348+11:00  [INF] Application started. Press Ctrl+C to shut down. (dcaefe54)
2020-03-18T02:24:34.8447389+11:00  [INF] Hosting environment: "Development" (c3307c92)
2020-03-18T02:24:34.8531376+11:00  [INF] Content root path: "C:\Users\c\source\repos\BlogWorkingBackup" (b5d60022)
2020-03-18T02:24:41.0892963+11:00  [ERR] Browserslist: caniuse-lite is outdated. Please run next command `npm update`
 (ad9dc99d)
2020-03-18T02:25:00.5238765+11:00 80000078-0001-f500-b63f-84710c7967bb [INF] Getting all BlogPosts (934952ca)
2020-03-18T02:25:02.4144355+11:00 80000052-0000-f700-b63f-84710c7967bb [INF] Getting all BlogPosts (934952ca)
2020-03-18T02:25:02.4626709+11:00 8000007a-0001-f500-b63f-84710c7967bb [INF] Getting all BlogPosts (934952ca)
2020-03-18T02:27:16.8485920+11:00 80000054-0000-f700-b63f-84710c7967bb [INF] Creating BlogPost from Creator: "Em" (6931825f)
2020-03-18T02:27:17.1110372+11:00 80000056-0000-f700-b63f-84710c7967bb [INF] Getting BlogPost with Id: 9 (7f06d0a2)
2020-03-18T02:27:20.0069215+11:00 8000001a-0002-f900-b63f-84710c7967bb [INF] Getting all BlogPosts (934952ca)
2020-03-18T02:27:20.0234181+11:00 80000079-0003-fc00-b63f-84710c7967bb [INF] Getting all BlogPosts (934952ca)
2020-03-18T02:27:20.0407931+11:00 8000001c-0002-f900-b63f-84710c7967bb [INF] Getting all BlogPosts (934952ca)
2020-03-18T02:27:22.1413586+11:00 80000058-0000-f700-b63f-84710c7967bb [INF] Getting BlogPost with Id: 9 (7f06d0a2)
2020-03-18T02:27:26.0447702+11:00 8000007b-0003-fc00-b63f-84710c7967bb [INF] Getting all BlogPosts (934952ca)
2020-03-18T02:27:26.0566799+11:00 8000007c-0001-f500-b63f-84710c7967bb [INF] Getting all BlogPosts (934952ca)
2020-03-18T02:27:26.0696111+11:00 8000007d-0003-fc00-b63f-84710c7967bb [INF] Getting all BlogPosts (934952ca)
2020-03-18T02:27:27.3989936+11:00 8000001e-0002-f900-b63f-84710c7967bb [INF] Getting BlogPost with Id: 9 (7f06d0a2)
2020-03-18T02:27:28.5712978+11:00 80000020-0002-f900-b63f-84710c7967bb [INF] Updating BlogPost with Id: 9 (00cc1ea7)
2020-03-18T02:27:32.1896324+11:00 8000005a-0000-f700-b63f-84710c7967bb [INF] Getting all BlogPosts (934952ca)
2020-03-18T02:27:32.2009161+11:00 8000007f-0003-fc00-b63f-84710c7967bb [INF] Getting all BlogPosts (934952ca)
2020-03-18T02:27:32.2114221+11:00 8000007e-0001-f500-b63f-84710c7967bb [INF] Getting all BlogPosts (934952ca)
2020-03-18T02:27:41.1389208+11:00 80000081-0003-fc00-b63f-84710c7967bb [INF] Getting BlogPost with Id: 7 (7f06d0a2)
2020-03-18T02:27:43.8576936+11:00 80000022-0002-f900-b63f-84710c7967bb [INF] Updating BlogPost with Id: 7 (00cc1ea7)
2020-03-18T02:27:44.8330757+11:00 80000024-0002-f900-b63f-84710c7967bb [INF] Getting all BlogPosts (934952ca)
2020-03-18T02:27:44.8429249+11:00 8000005c-0000-f700-b63f-84710c7967bb [INF] Getting all BlogPosts (934952ca)
2020-03-18T02:27:44.8540614+11:00 80000026-0002-f900-b63f-84710c7967bb [INF] Getting all BlogPosts (934952ca)
2020-03-18T02:32:09.7677238+11:00  [INF] Running development environment (cf1094ad)
2020-03-18T02:32:09.9783381+11:00  [INF] Application started. Press Ctrl+C to shut down. (dcaefe54)
2020-03-18T02:32:09.9875140+11:00  [INF] Hosting environment: "Development" (c3307c92)
2020-03-18T02:32:09.9944359+11:00  [INF] Content root path: "C:\Users\c\source\repos\BlogWorkingBackup" (b5d60022)
2020-03-18T02:32:15.5763136+11:00  [ERR] Browserslist: caniuse-lite is outdated. Please run next command `npm update`
 (ad9dc99d)
2020-03-18T02:32:33.5201258+11:00 8000009b-0002-fe00-b63f-84710c7967bb [INF] Getting all BlogPosts (934952ca)
2020-03-18T02:32:34.7027608+11:00 80000080-0001-f500-b63f-84710c7967bb [INF] Getting all BlogPosts (934952ca)
2020-03-18T02:32:34.7588548+11:00 80000082-0001-f500-b63f-84710c7967bb [INF] Getting all BlogPosts (934952ca)
2020-03-18T02:32:44.9730430+11:00 8000002e-0003-fb00-b63f-84710c7967bb [INF] Getting BlogPost with Id: 9 (7f06d0a2)
2020-03-18T02:33:07.7530054+11:00 80000032-0000-f600-b63f-84710c7967bb [INF] Getting all BlogPosts (934952ca)
2020-03-18T02:33:07.7954624+11:00 8000002a-0001-f800-b63f-84710c7967bb [INF] Getting all BlogPosts (934952ca)
2020-03-18T02:33:07.8093732+11:00 80000034-0000-f600-b63f-84710c7967bb [INF] Getting all BlogPosts (934952ca)
2020-03-18T02:33:11.5248630+11:00 80000030-0003-fb00-b63f-84710c7967bb [INF] Getting BlogPost with Id: 7 (7f06d0a2)
2020-03-18T02:33:13.6999659+11:00 80000032-0003-fb00-b63f-84710c7967bb [INF] Getting all BlogPosts (934952ca)
2020-03-18T02:33:13.7100134+11:00 80000034-0003-fb00-b63f-84710c7967bb [INF] Getting all BlogPosts (934952ca)
2020-03-18T02:33:13.7225413+11:00 8000002c-0001-f800-b63f-84710c7967bb [INF] Getting all BlogPosts (934952ca)
2020-03-18T02:46:04.2963446+11:00  [ERR] npm ERR! code ELIFECYCLE
 (76992f4c)
2020-03-18T02:46:04.3179382+11:00  [ERR] npm ERR! errno 1073807364
npm ERR! client-app@0.0.0 start: `ng serve "--port" "56257"`
 (a3dc4eac)
